\BOOKMARK [1][-]{section.1}{Introducci\363n}{}% 1
\BOOKMARK [2][-]{subsection.1.1}{Simulaciones interactivas}{section.1}% 2
\BOOKMARK [1][-]{section.2}{Breve repaso de Mec\341nica Estad\355stica}{}% 3
\BOOKMARK [2][-]{subsection.2.1}{Teor\355a cin\351tica}{section.2}% 4
\BOOKMARK [2][-]{subsection.2.2}{Colectividades}{section.2}% 5
\BOOKMARK [2][-]{subsection.2.3}{F\355sica Estad\355stica del no equilibrio}{section.2}% 6
\BOOKMARK [1][-]{section.3}{Programaci\363n de las simulaciones}{}% 7
\BOOKMARK [2][-]{subsection.3.1}{HTML y Javascript}{section.3}% 8
\BOOKMARK [2][-]{subsection.3.2}{Servidor}{section.3}% 9
\BOOKMARK [1][-]{section.4}{Los applets}{}% 10
\BOOKMARK [2][-]{subsection.4.1}{Teorema del l\355mite central}{section.4}% 11
\BOOKMARK [2][-]{subsection.4.2}{Anillo de Kac}{section.4}% 12
\BOOKMARK [2][-]{subsection.4.3}{Ergodicidad y entrop\355a en un conjunto de osciladores arm\363nicos}{section.4}% 13
\BOOKMARK [2][-]{subsection.4.4}{Transformaciones sobre el espacio de fases}{section.4}% 14
\BOOKMARK [3][-]{subsubsection.4.4.1}{Transformaci\363n del panadero}{subsection.4.4}% 15
\BOOKMARK [3][-]{subsubsection.4.4.2}{Transformaci\363n de Arnold}{subsection.4.4}% 16
\BOOKMARK [2][-]{subsection.4.5}{Gas ideal bidimensional}{section.4}% 17
\BOOKMARK [3][-]{subsubsection.4.5.1}{Irreversibilidad y fluctuaciones en equilibrio}{subsection.4.5}% 18
\BOOKMARK [3][-]{subsubsection.4.5.2}{Colectividad macrocan\363nica}{subsection.4.5}% 19
\BOOKMARK [2][-]{subsection.4.6}{Estad\355sticas de bosones y fermiones}{section.4}% 20
\BOOKMARK [2][-]{subsection.4.7}{Modelo de Ising}{section.4}% 21
\BOOKMARK [3][-]{subsubsection.4.7.1}{Transiciones de fase y magnetizaci\363n}{subsection.4.7}% 22
\BOOKMARK [3][-]{subsubsection.4.7.2}{Dimensionalidad y l\355mite termodin\341mico}{subsection.4.7}% 23
\BOOKMARK [1][-]{section.5}{Conclusiones}{}% 24
\BOOKMARK [2][-]{subsection.5.1}{Recursos did\341cticos en f\355sica}{section.5}% 25
\BOOKMARK [2][-]{subsection.5.2}{Trabajo futuro}{section.5}% 26
\BOOKMARK [1][-]{appendix.Alph1}{Modelado computacional}{}% 27
\BOOKMARK [2][-]{subsection.Alph1.1}{El algoritmo de Metropolis Monte Carlo}{appendix.Alph1}% 28
\BOOKMARK [1][-]{section*.3}{Referencias}{}% 29
